AvnetCCMobileProject/apps/AvnetCCMobile/android/native/build/outputs/logs/manifest-merger-release-report.txt
-- Merging decision tree log ---
manifest
ADDED from android/native/AndroidManifest.xml:3:1-51:12
	package
		ADDED from android/native/AndroidManifest.xml:3:70-97
		INJECTED from android/native/AndroidManifest.xml
		INJECTED from android/native/AndroidManifest.xml
	android:versionName
		ADDED from android/native/AndroidManifest.xml:3:122-147
		INJECTED from android/native/AndroidManifest.xml
		INJECTED from android/native/AndroidManifest.xml
	android:versionCode
		ADDED from android/native/AndroidManifest.xml:3:98-121
		INJECTED from android/native/AndroidManifest.xml
		INJECTED from android/native/AndroidManifest.xml
	xmlns:android
		ADDED from android/native/AndroidManifest.xml:3:11-69
uses-sdk
ADDED from android/native/AndroidManifest.xml:4:5-73
	android:targetSdkVersion
		ADDED from android/native/AndroidManifest.xml:4:42-71
		INJECTED from android/native/AndroidManifest.xml
		INJECTED from android/native/AndroidManifest.xml
	android:minSdkVersion
		ADDED from android/native/AndroidManifest.xml:4:15-41
		INJECTED from android/native/AndroidManifest.xml
		INJECTED from android/native/AndroidManifest.xml
supports-screens
ADDED from android/native/AndroidManifest.xml:5:5-111
	android:largeScreens
		ADDED from android/native/AndroidManifest.xml:5:81-109
	android:smallScreens
		ADDED from android/native/AndroidManifest.xml:5:23-51
	android:normalScreens
		ADDED from android/native/AndroidManifest.xml:5:52-80
uses-permission#android.permission.INTERNET
ADDED from android/native/AndroidManifest.xml:6:5-66
	android:name
		ADDED from android/native/AndroidManifest.xml:6:22-64
uses-permission#android.permission.ACCESS_NETWORK_STATE
ADDED from android/native/AndroidManifest.xml:7:5-78
	android:name
		ADDED from android/native/AndroidManifest.xml:7:22-76
uses-permission#android.permission.ACCESS_WIFI_STATE
ADDED from android/native/AndroidManifest.xml:8:5-75
	android:name
		ADDED from android/native/AndroidManifest.xml:8:22-73
permission#com.AvnetCCMobile.permission.C2D_MESSAGE
ADDED from android/native/AndroidManifest.xml:10:5-110
	android:protectionLevel
		ADDED from android/native/AndroidManifest.xml:10:73-108
	android:name
		ADDED from android/native/AndroidManifest.xml:10:17-72
uses-permission#com.AvnetCCMobile.permission.C2D_MESSAGE
ADDED from android/native/AndroidManifest.xml:11:5-79
	android:name
		ADDED from android/native/AndroidManifest.xml:11:22-77
uses-permission#com.google.android.c2dm.permission.RECEIVE
ADDED from android/native/AndroidManifest.xml:12:5-81
	android:name
		ADDED from android/native/AndroidManifest.xml:12:22-79
uses-permission#android.permission.WAKE_LOCK
ADDED from android/native/AndroidManifest.xml:13:5-67
	android:name
		ADDED from android/native/AndroidManifest.xml:13:22-65
uses-permission#android.permission.GET_ACCOUNTS
ADDED from android/native/AndroidManifest.xml:14:5-70
	android:name
		ADDED from android/native/AndroidManifest.xml:14:22-68
uses-permission#android.permission.USE_CREDENTIALS
ADDED from android/native/AndroidManifest.xml:15:5-73
	android:name
		ADDED from android/native/AndroidManifest.xml:15:22-71
uses-permission#android.permission.WRITE_EXTERNAL_STORAGE
ADDED from android/native/AndroidManifest.xml:16:5-80
	android:name
		ADDED from android/native/AndroidManifest.xml:16:22-78
application
ADDED from android/native/AndroidManifest.xml:17:5-50:19
	android:label
		ADDED from android/native/AndroidManifest.xml:17:18-50
	android:icon
		ADDED from android/native/AndroidManifest.xml:17:51-80
activity#com.AvnetCCMobile.AvnetCCMobile
ADDED from android/native/AndroidManifest.xml:18:9-27:20
	android:screenOrientation
		ADDED from android/native/AndroidManifest.xml:18:236-270
	android:label
		ADDED from android/native/AndroidManifest.xml:18:49-81
	android:launchMode
		ADDED from android/native/AndroidManifest.xml:18:144-175
	android:configChanges
		ADDED from android/native/AndroidManifest.xml:18:82-143
	android:theme
		ADDED from android/native/AndroidManifest.xml:18:176-235
	android:name
		ADDED from android/native/AndroidManifest.xml:18:19-48
intent-filter#android.intent.action.MAIN+android.intent.category.LAUNCHER
ADDED from android/native/AndroidManifest.xml:19:13-22:29
action#android.intent.action.MAIN
ADDED from android/native/AndroidManifest.xml:20:17-68
	android:name
		ADDED from android/native/AndroidManifest.xml:20:25-66
category#android.intent.category.LAUNCHER
ADDED from android/native/AndroidManifest.xml:21:17-76
	android:name
		ADDED from android/native/AndroidManifest.xml:21:27-74
intent-filter#android.intent.category.DEFAULT+com.AvnetCCMobile.AvnetCCMobile.NOTIFICATION
ADDED from android/native/AndroidManifest.xml:23:13-26:29
action#com.AvnetCCMobile.AvnetCCMobile.NOTIFICATION
ADDED from android/native/AndroidManifest.xml:24:17-86
	android:name
		ADDED from android/native/AndroidManifest.xml:24:25-84
category#android.intent.category.DEFAULT
ADDED from android/native/AndroidManifest.xml:25:17-75
	android:name
		ADDED from android/native/AndroidManifest.xml:25:27-73
activity#com.worklight.common.WLSettingActivity
ADDED from android/native/AndroidManifest.xml:29:9-109
	android:label
		ADDED from android/native/AndroidManifest.xml:29:73-107
	android:name
		ADDED from android/native/AndroidManifest.xml:29:19-72
activity#com.worklight.wlclient.ui.UIActivity
ADDED from android/native/AndroidManifest.xml:31:9-72
	android:name
		ADDED from android/native/AndroidManifest.xml:31:19-70
service#com.AvnetCCMobile.GCMIntentService
ADDED from android/native/AndroidManifest.xml:35:9-52
	android:name
		ADDED from android/native/AndroidManifest.xml:35:18-50
service#com.AvnetCCMobile.ForegroundService
ADDED from android/native/AndroidManifest.xml:36:9-53
	android:name
		ADDED from android/native/AndroidManifest.xml:36:18-51
receiver#com.worklight.androidgap.push.WLBroadcastReceiver
ADDED from android/native/AndroidManifest.xml:38:9-49:20
	android:permission
		ADDED from android/native/AndroidManifest.xml:38:84-144
	android:name
		ADDED from android/native/AndroidManifest.xml:38:19-83
intent-filter#com.AvnetCCMobile+com.google.android.c2dm.intent.RECEIVE
ADDED from android/native/AndroidManifest.xml:40:13-43:29
action#com.google.android.c2dm.intent.RECEIVE
ADDED from android/native/AndroidManifest.xml:41:17-80
	android:name
		ADDED from android/native/AndroidManifest.xml:41:25-78
category#com.AvnetCCMobile
ADDED from android/native/AndroidManifest.xml:42:17-61
	android:name
		ADDED from android/native/AndroidManifest.xml:42:27-59
intent-filter#com.AvnetCCMobile+com.google.android.c2dm.intent.REGISTRATION
ADDED from android/native/AndroidManifest.xml:45:13-48:29
action#com.google.android.c2dm.intent.REGISTRATION
ADDED from android/native/AndroidManifest.xml:46:17-85
	android:name
		ADDED from android/native/AndroidManifest.xml:46:25-83